2024-09-26 21:31:41,096 utils.py DEBUG: Opening the file...
2024-09-26 21:31:41,097 utils.py ERROR: Invalid JSON data.
2024-09-26 21:32:46,745 utils.py DEBUG: Opening the file...
2024-09-26 21:32:46,745 utils.py ERROR: JSONDecodeError - Invalid JSON data.
2024-09-26 21:33:24,615 utils.py DEBUG: Opening the file...
2024-09-26 21:33:24,636 utils.py DEBUG: The data was considered
2024-10-02 11:11:20,014 utils.py DEBUG: Opening the file...
2024-10-02 11:11:20,025 utils.py DEBUG: The data was considered
2024-10-02 11:11:20,028 utils.py DEBUG: Opening the file...
2024-10-02 11:11:20,028 utils.py ERROR: FileNotFoundError - The file does not exist.
2024-10-02 11:11:20,030 utils.py DEBUG: Opening the file...
2024-10-02 11:11:20,030 utils.py ERROR: JSONDecodeError - Invalid JSON data.
2024-10-02 11:11:20,033 utils.py DEBUG: Opening the file...
2024-10-02 11:11:20,034 utils.py ERROR: JSONDecodeError - Invalid JSON data.
2024-10-02 11:11:49,420 utils.py DEBUG: Opening the file...
2024-10-02 11:11:49,421 utils.py DEBUG: The data was considered
2024-10-02 11:11:49,423 utils.py DEBUG: Opening the file...
2024-10-02 11:11:49,423 utils.py ERROR: FileNotFoundError - The file does not exist.
2024-10-02 11:11:49,425 utils.py DEBUG: Opening the file...
2024-10-02 11:11:49,426 utils.py ERROR: JSONDecodeError - Invalid JSON data.
2024-10-02 11:11:49,428 utils.py DEBUG: Opening the file...
2024-10-02 11:11:49,428 utils.py ERROR: JSONDecodeError - Invalid JSON data.
2024-10-02 11:37:58,615 utils.py DEBUG: Opening the file...
2024-10-02 11:37:58,616 utils.py DEBUG: The data was considered
2024-10-02 11:37:58,618 utils.py DEBUG: Opening the file...
2024-10-02 11:37:58,619 utils.py ERROR: FileNotFoundError - The file does not exist.
2024-10-02 11:37:58,621 utils.py DEBUG: Opening the file...
2024-10-02 11:37:58,621 utils.py ERROR: JSONDecodeError - Invalid JSON data.
2024-10-02 11:37:58,623 utils.py DEBUG: Opening the file...
2024-10-02 11:37:58,624 utils.py ERROR: JSONDecodeError - Invalid JSON data.
2024-10-02 11:44:17,647 utils.py DEBUG: Opening the file...
2024-10-02 11:44:17,647 utils.py DEBUG: The data was considered
2024-10-02 11:44:17,650 utils.py DEBUG: Opening the file...
2024-10-02 11:44:17,650 utils.py ERROR: FileNotFoundError - The file does not exist.
2024-10-02 11:44:17,652 utils.py DEBUG: Opening the file...
2024-10-02 11:44:17,652 utils.py ERROR: JSONDecodeError - Invalid JSON data.
2024-10-02 11:44:17,654 utils.py DEBUG: Opening the file...
2024-10-02 11:44:17,655 utils.py ERROR: JSONDecodeError - Invalid JSON data.
2024-10-02 11:44:44,913 utils.py DEBUG: Opening the file...
2024-10-02 11:44:44,913 utils.py DEBUG: The data was considered
2024-10-02 11:44:44,916 utils.py DEBUG: Opening the file...
2024-10-02 11:44:44,916 utils.py ERROR: FileNotFoundError - The file does not exist.
2024-10-02 11:44:44,919 utils.py DEBUG: Opening the file...
2024-10-02 11:44:44,919 utils.py ERROR: JSONDecodeError - Invalid JSON data.
2024-10-02 11:44:44,923 utils.py DEBUG: Opening the file...
2024-10-02 11:44:44,923 utils.py ERROR: JSONDecodeError - Invalid JSON data.
2024-10-02 11:47:07,796 utils.py DEBUG: Opening the file...
2024-10-02 11:47:07,796 utils.py DEBUG: The data was considered
2024-10-02 11:47:07,798 utils.py DEBUG: Opening the file...
2024-10-02 11:47:07,798 utils.py ERROR: FileNotFoundError - The file does not exist.
2024-10-02 11:47:07,800 utils.py DEBUG: Opening the file...
2024-10-02 11:47:07,800 utils.py ERROR: JSONDecodeError - Invalid JSON data.
2024-10-02 11:47:07,803 utils.py DEBUG: Opening the file...
2024-10-02 11:47:07,803 utils.py ERROR: JSONDecodeError - Invalid JSON data.
2024-10-02 11:48:50,732 utils.py DEBUG: Opening the file...
2024-10-02 11:48:50,733 utils.py DEBUG: The data was considered
2024-10-02 11:48:50,735 utils.py DEBUG: Opening the file...
2024-10-02 11:48:50,735 utils.py ERROR: FileNotFoundError - The file does not exist.
2024-10-02 11:48:50,738 utils.py DEBUG: Opening the file...
2024-10-02 11:48:50,738 utils.py ERROR: JSONDecodeError - Invalid JSON data.
2024-10-02 11:48:50,740 utils.py DEBUG: Opening the file...
2024-10-02 11:48:50,741 utils.py ERROR: JSONDecodeError - Invalid JSON data.
2024-10-02 11:50:06,202 utils.py DEBUG: Opening the file...
2024-10-02 11:50:06,203 utils.py DEBUG: The data was considered
2024-10-02 11:50:06,205 utils.py DEBUG: Opening the file...
2024-10-02 11:50:06,206 utils.py ERROR: FileNotFoundError - The file does not exist.
2024-10-02 11:50:06,208 utils.py DEBUG: Opening the file...
2024-10-02 11:50:06,208 utils.py ERROR: JSONDecodeError - Invalid JSON data.
2024-10-02 11:50:06,211 utils.py DEBUG: Opening the file...
2024-10-02 11:50:06,211 utils.py ERROR: JSONDecodeError - Invalid JSON data.
2024-10-02 11:50:55,661 utils.py DEBUG: Opening the file...
2024-10-02 11:50:55,662 utils.py DEBUG: The data was considered
2024-10-02 11:50:55,666 utils.py DEBUG: Opening the file...
2024-10-02 11:50:55,666 utils.py ERROR: FileNotFoundError - The file does not exist.
2024-10-02 11:50:55,670 utils.py DEBUG: Opening the file...
2024-10-02 11:50:55,670 utils.py ERROR: JSONDecodeError - Invalid JSON data.
2024-10-02 11:50:55,674 utils.py DEBUG: Opening the file...
2024-10-02 11:50:55,674 utils.py ERROR: JSONDecodeError - Invalid JSON data.
2024-10-02 12:02:29,136 utils.py DEBUG: Opening the file...
2024-10-02 12:02:29,136 utils.py DEBUG: The data was considered
2024-10-02 12:02:29,138 utils.py DEBUG: Opening the file...
2024-10-02 12:02:29,139 utils.py ERROR: FileNotFoundError - The file does not exist.
2024-10-02 12:02:29,141 utils.py DEBUG: Opening the file...
2024-10-02 12:02:29,141 utils.py ERROR: JSONDecodeError - Invalid JSON data.
2024-10-02 12:02:29,143 utils.py DEBUG: Opening the file...
2024-10-02 12:02:29,144 utils.py ERROR: JSONDecodeError - Invalid JSON data.
2024-10-02 12:06:48,282 utils.py DEBUG: Opening the file...
2024-10-02 12:06:48,282 utils.py DEBUG: The data was considered
2024-10-02 12:06:48,285 utils.py DEBUG: Opening the file...
2024-10-02 12:06:48,285 utils.py ERROR: FileNotFoundError - The file does not exist.
2024-10-02 12:06:48,287 utils.py DEBUG: Opening the file...
2024-10-02 12:06:48,287 utils.py ERROR: JSONDecodeError - Invalid JSON data.
2024-10-02 12:06:48,289 utils.py DEBUG: Opening the file...
2024-10-02 12:06:48,290 utils.py ERROR: JSONDecodeError - Invalid JSON data.
2024-10-02 12:07:53,713 utils.py DEBUG: Opening the file...
2024-10-02 12:07:53,714 utils.py DEBUG: The data was considered
2024-10-02 12:07:53,716 utils.py DEBUG: Opening the file...
2024-10-02 12:07:53,716 utils.py ERROR: FileNotFoundError - The file does not exist.
2024-10-02 12:07:53,718 utils.py DEBUG: Opening the file...
2024-10-02 12:07:53,718 utils.py ERROR: JSONDecodeError - Invalid JSON data.
2024-10-02 12:07:53,721 utils.py DEBUG: Opening the file...
2024-10-02 12:07:53,721 utils.py ERROR: JSONDecodeError - Invalid JSON data.
2024-10-02 12:08:45,593 utils.py DEBUG: Opening the file...
2024-10-02 12:08:45,594 utils.py DEBUG: The data was considered
2024-10-02 12:08:45,596 utils.py DEBUG: Opening the file...
2024-10-02 12:08:45,597 utils.py ERROR: FileNotFoundError - The file does not exist.
2024-10-02 12:08:45,599 utils.py DEBUG: Opening the file...
2024-10-02 12:08:45,599 utils.py ERROR: JSONDecodeError - Invalid JSON data.
2024-10-02 12:08:45,601 utils.py DEBUG: Opening the file...
2024-10-02 12:08:45,602 utils.py ERROR: JSONDecodeError - Invalid JSON data.
2024-10-02 12:09:40,762 utils.py DEBUG: Opening the file...
2024-10-02 12:09:40,762 utils.py DEBUG: The data was considered
2024-10-02 12:09:40,764 utils.py DEBUG: Opening the file...
2024-10-02 12:09:40,764 utils.py ERROR: FileNotFoundError - The file does not exist.
2024-10-02 12:09:40,767 utils.py DEBUG: Opening the file...
2024-10-02 12:09:40,768 utils.py ERROR: JSONDecodeError - Invalid JSON data.
2024-10-02 12:09:40,770 utils.py DEBUG: Opening the file...
2024-10-02 12:09:40,770 utils.py ERROR: JSONDecodeError - Invalid JSON data.
2024-10-02 12:12:30,728 utils.py DEBUG: Opening the file...
2024-10-02 12:12:30,729 utils.py DEBUG: The data was considered
2024-10-02 12:12:30,731 utils.py DEBUG: Opening the file...
2024-10-02 12:12:30,731 utils.py ERROR: FileNotFoundError - The file does not exist.
2024-10-02 12:12:30,733 utils.py DEBUG: Opening the file...
2024-10-02 12:12:30,734 utils.py ERROR: JSONDecodeError - Invalid JSON data.
2024-10-02 12:12:30,736 utils.py DEBUG: Opening the file...
2024-10-02 12:12:30,737 utils.py ERROR: JSONDecodeError - Invalid JSON data.
2024-10-02 12:13:10,969 utils.py DEBUG: Opening the file...
2024-10-02 12:13:10,969 utils.py DEBUG: The data was considered
2024-10-02 12:13:10,972 utils.py DEBUG: Opening the file...
2024-10-02 12:13:10,973 utils.py ERROR: FileNotFoundError - The file does not exist.
2024-10-02 12:13:10,975 utils.py DEBUG: Opening the file...
2024-10-02 12:13:10,975 utils.py ERROR: JSONDecodeError - Invalid JSON data.
2024-10-02 12:13:10,977 utils.py DEBUG: Opening the file...
2024-10-02 12:13:10,978 utils.py ERROR: JSONDecodeError - Invalid JSON data.
2024-10-02 12:13:58,443 utils.py DEBUG: Opening the file...
2024-10-02 12:13:58,443 utils.py DEBUG: The data was considered
2024-10-02 12:13:58,446 utils.py DEBUG: Opening the file...
2024-10-02 12:13:58,446 utils.py ERROR: FileNotFoundError - The file does not exist.
2024-10-02 12:13:58,448 utils.py DEBUG: Opening the file...
2024-10-02 12:13:58,449 utils.py ERROR: JSONDecodeError - Invalid JSON data.
2024-10-02 12:13:58,451 utils.py DEBUG: Opening the file...
2024-10-02 12:13:58,452 utils.py ERROR: JSONDecodeError - Invalid JSON data.
2024-10-02 12:18:56,599 utils.py DEBUG: Opening the file...
2024-10-02 12:18:56,599 utils.py DEBUG: The data was considered
2024-10-02 12:18:56,601 utils.py DEBUG: Opening the file...
2024-10-02 12:18:56,601 utils.py ERROR: FileNotFoundError - The file does not exist.
2024-10-02 12:18:56,603 utils.py DEBUG: Opening the file...
2024-10-02 12:18:56,604 utils.py ERROR: JSONDecodeError - Invalid JSON data.
2024-10-02 12:18:56,606 utils.py DEBUG: Opening the file...
2024-10-02 12:18:56,606 utils.py ERROR: JSONDecodeError - Invalid JSON data.
2024-10-02 12:27:46,175 utils.py DEBUG: Opening the file...
2024-10-02 12:27:46,175 utils.py DEBUG: The data was considered
2024-10-02 12:27:46,178 utils.py DEBUG: Opening the file...
2024-10-02 12:27:46,178 utils.py ERROR: FileNotFoundError - The file does not exist.
2024-10-02 12:27:46,180 utils.py DEBUG: Opening the file...
2024-10-02 12:27:46,181 utils.py ERROR: JSONDecodeError - Invalid JSON data.
2024-10-02 12:27:46,183 utils.py DEBUG: Opening the file...
2024-10-02 12:27:46,183 utils.py ERROR: JSONDecodeError - Invalid JSON data.
2024-10-02 12:36:07,823 utils.py DEBUG: Opening the file...
2024-10-02 12:36:07,823 utils.py DEBUG: The data was considered
2024-10-02 12:36:07,826 utils.py DEBUG: Opening the file...
2024-10-02 12:36:07,826 utils.py ERROR: FileNotFoundError - The file does not exist.
2024-10-02 12:36:07,829 utils.py DEBUG: Opening the file...
2024-10-02 12:36:07,830 utils.py ERROR: JSONDecodeError - Invalid JSON data.
2024-10-02 12:36:07,831 utils.py DEBUG: Opening the file...
2024-10-02 12:36:07,832 utils.py ERROR: JSONDecodeError - Invalid JSON data.
2024-10-02 12:48:14,097 utils.py DEBUG: Opening the file...
2024-10-02 12:48:14,097 utils.py DEBUG: The data was considered
2024-10-02 12:48:14,099 utils.py DEBUG: Opening the file...
2024-10-02 12:48:14,100 utils.py ERROR: FileNotFoundError - The file does not exist.
2024-10-02 12:48:14,102 utils.py DEBUG: Opening the file...
2024-10-02 12:48:14,102 utils.py ERROR: JSONDecodeError - Invalid JSON data.
2024-10-02 12:48:14,105 utils.py DEBUG: Opening the file...
2024-10-02 12:48:14,105 utils.py ERROR: JSONDecodeError - Invalid JSON data.
2024-10-02 12:55:36,386 utils.py DEBUG: Opening the file...
2024-10-02 12:55:36,387 utils.py DEBUG: The data was considered
2024-10-02 12:55:36,391 utils.py DEBUG: Opening the file...
2024-10-02 12:55:36,391 utils.py ERROR: FileNotFoundError - The file does not exist.
2024-10-02 12:55:36,395 utils.py DEBUG: Opening the file...
2024-10-02 12:55:36,395 utils.py ERROR: JSONDecodeError - Invalid JSON data.
2024-10-02 12:55:36,399 utils.py DEBUG: Opening the file...
2024-10-02 12:55:36,400 utils.py ERROR: JSONDecodeError - Invalid JSON data.
2024-10-02 12:55:58,552 utils.py DEBUG: Opening the file...
2024-10-02 12:55:58,553 utils.py DEBUG: The data was considered
2024-10-02 12:55:58,558 utils.py DEBUG: Opening the file...
2024-10-02 12:55:58,559 utils.py ERROR: FileNotFoundError - The file does not exist.
2024-10-02 12:55:58,563 utils.py DEBUG: Opening the file...
2024-10-02 12:55:58,563 utils.py ERROR: JSONDecodeError - Invalid JSON data.
2024-10-02 12:55:58,566 utils.py DEBUG: Opening the file...
2024-10-02 12:55:58,567 utils.py ERROR: JSONDecodeError - Invalid JSON data.
2024-10-02 13:04:14,512 utils.py DEBUG: Opening the file...
2024-10-02 13:04:14,512 utils.py DEBUG: The data was considered
2024-10-02 13:04:14,516 utils.py DEBUG: Opening the file...
2024-10-02 13:04:14,516 utils.py ERROR: FileNotFoundError - The file does not exist.
2024-10-02 13:04:14,520 utils.py DEBUG: Opening the file...
2024-10-02 13:04:14,521 utils.py ERROR: JSONDecodeError - Invalid JSON data.
2024-10-02 13:04:14,525 utils.py DEBUG: Opening the file...
2024-10-02 13:04:14,525 utils.py ERROR: JSONDecodeError - Invalid JSON data.
2024-10-02 13:04:35,011 utils.py DEBUG: Opening the file...
2024-10-02 13:04:35,011 utils.py DEBUG: The data was considered
2024-10-02 13:04:35,015 utils.py DEBUG: Opening the file...
2024-10-02 13:04:35,015 utils.py ERROR: FileNotFoundError - The file does not exist.
2024-10-02 13:04:35,021 utils.py DEBUG: Opening the file...
2024-10-02 13:04:35,021 utils.py ERROR: JSONDecodeError - Invalid JSON data.
2024-10-02 13:04:35,025 utils.py DEBUG: Opening the file...
2024-10-02 13:04:35,026 utils.py ERROR: JSONDecodeError - Invalid JSON data.
2024-10-05 17:04:24,066 utils.py DEBUG: Opening the file...
2024-10-05 17:04:24,067 utils.py ERROR: FileNotFoundError - The file does not exist.
2024-10-05 20:13:50,139 utils.py DEBUG: Opening the file...
2024-10-05 20:13:50,140 utils.py ERROR: FileNotFoundError - The file does not exist.
2024-10-05 20:14:13,547 utils.py DEBUG: Opening the file...
2024-10-05 20:14:13,568 utils.py DEBUG: The data was considered
2024-10-05 20:14:35,587 utils.py DEBUG: Opening the file...
2024-10-05 20:14:35,589 utils.py DEBUG: The data was considered
2024-10-05 20:20:03,731 utils.py DEBUG: Opening the file...
2024-10-05 20:20:03,732 utils.py DEBUG: The data was considered
2024-10-05 20:25:27,691 utils.py DEBUG: Opening the file...
2024-10-05 20:25:27,693 utils.py DEBUG: The data was considered
2024-10-05 20:30:23,291 utils.py DEBUG: Opening the file...
2024-10-05 20:30:23,293 utils.py DEBUG: The data was considered
2024-10-05 20:32:41,434 utils.py DEBUG: Opening the file...
2024-10-05 20:32:41,436 utils.py DEBUG: The data was considered
2024-10-05 20:33:20,378 utils.py DEBUG: Opening the file...
2024-10-05 20:33:20,380 utils.py DEBUG: The data was considered
2024-10-05 20:33:39,034 utils.py DEBUG: Opening the file...
2024-10-05 20:33:39,035 utils.py DEBUG: The data was considered
2024-10-05 20:34:23,362 utils.py DEBUG: Opening the file...
2024-10-05 20:34:23,364 utils.py DEBUG: The data was considered
2024-10-05 20:34:44,746 utils.py DEBUG: Opening the file...
2024-10-05 20:34:44,747 utils.py DEBUG: The data was considered
2024-10-05 20:35:17,953 utils.py DEBUG: Opening the file...
2024-10-05 20:35:17,955 utils.py DEBUG: The data was considered
2024-10-05 20:37:34,185 utils.py DEBUG: Opening the file...
2024-10-05 20:37:34,187 utils.py DEBUG: The data was considered
2024-10-05 20:38:37,242 utils.py DEBUG: Opening the file...
2024-10-05 20:38:37,243 utils.py DEBUG: The data was considered
2024-10-05 20:49:19,457 utils.py DEBUG: Opening the file...
2024-10-05 20:49:19,459 utils.py DEBUG: The data was considered
2024-10-05 20:54:20,144 utils.py DEBUG: Opening the file...
2024-10-05 20:54:20,145 utils.py DEBUG: The data was considered
2024-10-05 20:56:11,728 utils.py DEBUG: Opening the file...
2024-10-05 20:56:11,730 utils.py DEBUG: The data was considered
2024-10-05 20:57:11,408 utils.py DEBUG: Opening the file...
2024-10-05 20:57:11,410 utils.py DEBUG: The data was considered
2024-10-05 20:58:19,336 utils.py DEBUG: Opening the file...
2024-10-05 20:58:19,337 utils.py DEBUG: The data was considered
2024-10-05 21:00:42,960 utils.py DEBUG: Opening the file...
2024-10-05 21:00:42,962 utils.py DEBUG: The data was considered
2024-10-05 21:10:25,375 utils.py DEBUG: Opening the file...
2024-10-05 21:10:25,377 utils.py DEBUG: The data was considered
2024-10-05 21:14:30,454 utils.py DEBUG: Opening the file...
2024-10-05 21:14:30,456 utils.py DEBUG: The data was considered
2024-10-05 21:23:59,566 utils.py DEBUG: Opening the file...
2024-10-05 21:23:59,568 utils.py DEBUG: The data was considered
2024-10-05 21:25:42,205 utils.py DEBUG: Opening the file...
2024-10-05 21:25:42,207 utils.py DEBUG: The data was considered
2024-10-05 23:42:33,579 utils.py DEBUG: Opening the file...
2024-10-05 23:42:33,581 utils.py DEBUG: The data was considered
2024-10-05 23:43:52,411 utils.py DEBUG: Opening the file...
2024-10-05 23:43:52,413 utils.py DEBUG: The data was considered
2024-10-05 23:44:38,339 utils.py DEBUG: Opening the file...
2024-10-05 23:44:38,340 utils.py DEBUG: The data was considered
2024-10-05 23:46:12,891 utils.py DEBUG: Opening the file...
2024-10-05 23:46:12,892 utils.py DEBUG: The data was considered
2024-10-05 23:48:50,251 utils.py DEBUG: Opening the file...
2024-10-05 23:48:50,252 utils.py DEBUG: The data was considered
2024-10-05 23:50:17,963 utils.py DEBUG: Opening the file...
2024-10-05 23:50:17,965 utils.py DEBUG: The data was considered
2024-10-05 23:53:11,746 utils.py DEBUG: Opening the file...
2024-10-05 23:53:11,748 utils.py DEBUG: The data was considered
2024-10-05 23:56:04,434 utils.py DEBUG: Opening the file...
2024-10-05 23:56:04,436 utils.py DEBUG: The data was considered
2024-10-05 23:57:42,122 utils.py DEBUG: Opening the file...
2024-10-05 23:57:42,124 utils.py DEBUG: The data was considered
2024-10-06 00:45:48,990 utils.py DEBUG: Opening the file...
2024-10-06 00:45:48,992 utils.py DEBUG: The data was considered
2024-10-06 01:11:35,188 utils.py DEBUG: Opening the file...
2024-10-06 01:11:35,190 utils.py DEBUG: The data was considered
2024-10-06 01:17:14,188 utils.py DEBUG: Opening the file...
2024-10-06 01:17:14,190 utils.py DEBUG: The data was considered
2024-10-06 01:23:02,700 utils.py DEBUG: Opening the file...
2024-10-06 01:23:02,702 utils.py DEBUG: The data was considered
2024-10-06 01:25:55,899 utils.py DEBUG: Opening the file...
2024-10-06 01:25:55,901 utils.py DEBUG: The data was considered
2024-10-06 01:28:09,923 utils.py DEBUG: Opening the file...
2024-10-06 01:28:09,924 utils.py DEBUG: The data was considered
2024-10-06 01:29:59,812 utils.py DEBUG: Opening the file...
2024-10-06 01:29:59,814 utils.py DEBUG: The data was considered
2024-10-06 01:31:22,339 utils.py DEBUG: Opening the file...
2024-10-06 01:31:22,341 utils.py DEBUG: The data was considered
2024-10-06 01:32:36,603 utils.py DEBUG: Opening the file...
2024-10-06 01:32:36,604 utils.py DEBUG: The data was considered
2024-10-06 01:37:51,139 utils.py DEBUG: Opening the file...
2024-10-06 01:37:51,141 utils.py DEBUG: The data was considered
2024-10-06 01:56:49,817 utils.py DEBUG: Opening the file...
2024-10-06 01:56:49,819 utils.py DEBUG: The data was considered
2024-10-06 02:00:06,880 utils.py DEBUG: Opening the file...
2024-10-06 02:00:06,882 utils.py DEBUG: The data was considered
2024-10-06 02:01:39,441 utils.py DEBUG: Opening the file...
2024-10-06 02:01:39,442 utils.py DEBUG: The data was considered
2024-10-06 02:26:39,063 utils.py DEBUG: Opening the file...
2024-10-06 02:26:39,064 utils.py DEBUG: The data was considered
2024-10-06 02:27:58,390 utils.py DEBUG: Opening the file...
2024-10-06 02:27:58,391 utils.py DEBUG: The data was considered
2024-10-06 02:33:02,958 utils.py DEBUG: Opening the file...
2024-10-06 02:33:02,960 utils.py DEBUG: The data was considered
2024-10-06 02:36:29,494 utils.py DEBUG: Opening the file...
2024-10-06 02:36:29,495 utils.py DEBUG: The data was considered
2024-10-06 02:36:57,126 utils.py DEBUG: Opening the file...
2024-10-06 02:36:57,127 utils.py DEBUG: The data was considered
2024-10-06 14:11:57,487 utils.py DEBUG: Opening the file...
2024-10-06 14:11:57,492 utils.py DEBUG: The data was considered
2024-10-06 14:11:57,497 utils.py DEBUG: Opening the file...
2024-10-06 14:11:57,498 utils.py ERROR: FileNotFoundError - The file does not exist.
2024-10-06 14:11:57,499 utils.py DEBUG: Opening the file...
2024-10-06 14:11:57,499 utils.py ERROR: JSONDecodeError - Invalid JSON data.
2024-10-06 14:11:57,501 utils.py DEBUG: Opening the file...
2024-10-06 14:11:57,501 utils.py ERROR: JSONDecodeError - Invalid JSON data.
2024-10-06 14:13:21,769 utils.py DEBUG: Opening the file...
2024-10-06 14:13:21,774 utils.py DEBUG: The data was considered
2024-10-06 14:13:21,775 utils.py DEBUG: Opening the file...
2024-10-06 14:13:21,775 utils.py ERROR: FileNotFoundError - The file does not exist.
2024-10-06 14:13:21,776 utils.py DEBUG: Opening the file...
2024-10-06 14:13:21,776 utils.py ERROR: JSONDecodeError - Invalid JSON data.
2024-10-06 14:13:21,777 utils.py DEBUG: Opening the file...
2024-10-06 14:13:21,778 utils.py ERROR: JSONDecodeError - Invalid JSON data.
2024-10-06 14:18:08,556 utils.py DEBUG: Opening the file...
2024-10-06 14:18:08,556 utils.py DEBUG: The data was considered
2024-10-06 14:18:08,558 utils.py DEBUG: Opening the file...
2024-10-06 14:18:08,558 utils.py ERROR: FileNotFoundError - The file does not exist.
2024-10-06 14:18:08,559 utils.py DEBUG: Opening the file...
2024-10-06 14:18:08,559 utils.py ERROR: JSONDecodeError - Invalid JSON data.
2024-10-06 14:18:08,560 utils.py DEBUG: Opening the file...
2024-10-06 14:18:08,560 utils.py ERROR: JSONDecodeError - Invalid JSON data.
2024-10-06 14:18:31,431 utils.py DEBUG: Opening the file...
2024-10-06 14:18:31,441 utils.py DEBUG: The data was considered
2024-10-06 14:27:47,789 utils.py DEBUG: Opening the file...
2024-10-06 14:27:47,789 utils.py DEBUG: The data was considered
2024-10-06 14:27:47,792 utils.py DEBUG: Opening the file...
2024-10-06 14:27:47,792 utils.py ERROR: FileNotFoundError - The file does not exist.
2024-10-06 14:27:47,794 utils.py DEBUG: Opening the file...
2024-10-06 14:27:47,794 utils.py ERROR: JSONDecodeError - Invalid JSON data.
2024-10-06 14:27:47,796 utils.py DEBUG: Opening the file...
2024-10-06 14:27:47,796 utils.py ERROR: JSONDecodeError - Invalid JSON data.
2024-10-06 14:36:08,098 utils.py DEBUG: Opening the file...
2024-10-06 14:36:08,098 utils.py DEBUG: The data was considered
2024-10-06 14:36:08,100 utils.py DEBUG: Opening the file...
2024-10-06 14:36:08,100 utils.py ERROR: FileNotFoundError - The file does not exist.
2024-10-06 14:36:08,101 utils.py DEBUG: Opening the file...
2024-10-06 14:36:08,101 utils.py ERROR: JSONDecodeError - Invalid JSON data.
2024-10-06 14:36:08,102 utils.py DEBUG: Opening the file...
2024-10-06 14:36:08,103 utils.py ERROR: JSONDecodeError - Invalid JSON data.
2024-10-06 14:36:27,672 utils.py DEBUG: Opening the file...
2024-10-06 14:36:27,672 utils.py DEBUG: The data was considered
2024-10-06 14:36:27,674 utils.py DEBUG: Opening the file...
2024-10-06 14:36:27,675 utils.py ERROR: FileNotFoundError - The file does not exist.
2024-10-06 14:36:27,677 utils.py DEBUG: Opening the file...
2024-10-06 14:36:27,677 utils.py ERROR: JSONDecodeError - Invalid JSON data.
2024-10-06 14:36:27,679 utils.py DEBUG: Opening the file...
2024-10-06 14:36:27,679 utils.py ERROR: JSONDecodeError - Invalid JSON data.
